0 info it worked if it ends with ok
1 verbose cli [ '/home/ubuntu/.nvm/versions/node/v6.10.3/bin/node',
1 verbose cli   '/home/ubuntu/.nvm/versions/node/v6.10.3/bin/npm',
1 verbose cli   'version',
1 verbose cli   'patch' ]
2 info using npm@3.10.10
3 info using node@v6.10.3
4 info git [ 'status', '--porcelain' ]
5 verbose stack Error: Git working directory not clean.
5 verbose stack D build/Makefile
5 verbose stack D build/Release/.deps/Release/heap_metrics.node.d
5 verbose stack D build/Release/.deps/Release/obj.target/heap_metrics.node.d
5 verbose stack D build/Release/.deps/Release/obj.target/heap_metrics/src/heap_metrics.o.d
5 verbose stack D build/Release/.deps/Release/obj.target/heap_metrics/src/init.o.d
5 verbose stack D build/Release/obj.target/heap_metrics.node
5 verbose stack D build/binding.Makefile
5 verbose stack D build/config.gypi
5 verbose stack D build/heap_metrics.target.mk
5 verbose stack     at /home/ubuntu/.nvm/versions/node/v6.10.3/lib/node_modules/npm/lib/version.js:247:19
5 verbose stack     at /home/ubuntu/.nvm/versions/node/v6.10.3/lib/node_modules/npm/lib/utils/no-progress-while-running.js:21:8
5 verbose stack     at ChildProcess.exithandler (child_process.js:195:7)
5 verbose stack     at emitTwo (events.js:106:13)
5 verbose stack     at ChildProcess.emit (events.js:191:7)
5 verbose stack     at maybeClose (internal/child_process.js:886:16)
5 verbose stack     at Socket.<anonymous> (internal/child_process.js:342:11)
5 verbose stack     at emitOne (events.js:96:13)
5 verbose stack     at Socket.emit (events.js:188:7)
5 verbose stack     at Pipe._handle.close [as _onclose] (net.js:497:12)
6 verbose cwd /home/ubuntu/workspace
7 error Linux 4.9.17-c9
8 error argv "/home/ubuntu/.nvm/versions/node/v6.10.3/bin/node" "/home/ubuntu/.nvm/versions/node/v6.10.3/bin/npm" "version" "patch"
9 error node v6.10.3
10 error npm  v3.10.10
11 error Git working directory not clean.
11 error D build/Makefile
11 error D build/Release/.deps/Release/heap_metrics.node.d
11 error D build/Release/.deps/Release/obj.target/heap_metrics.node.d
11 error D build/Release/.deps/Release/obj.target/heap_metrics/src/heap_metrics.o.d
11 error D build/Release/.deps/Release/obj.target/heap_metrics/src/init.o.d
11 error D build/Release/obj.target/heap_metrics.node
11 error D build/binding.Makefile
11 error D build/config.gypi
11 error D build/heap_metrics.target.mk
12 error If you need help, you may report this error at:
12 error     <https://github.com/npm/npm/issues>
13 verbose exit [ 1, true ]
